{"contracts\\CrayonToken.sol":{"l":{"13":1,"14":1,"28":9,"32":1,"40":9,"42":9,"44":9,"46":9,"48":9,"51":9,"55":1,"59":3,"63":1,"64":1,"65":1,"66":1,"71":1,"73":1,"75":1,"77":1,"79":1,"89":3,"90":3,"91":3,"92":3,"97":1,"98":1,"99":1,"100":1,"101":1,"106":1,"110":1,"114":1,"136":3,"137":3,"138":3,"142":1,"146":1,"150":1,"151":1,"152":1,"153":1,"154":1,"156":0,"160":1,"161":1,"164":0},"path":"C:/Users/Patrick/Documents/BlockChainAcadamy/PracticalProject2/PerfectlyGeneratedCrayons/contracts/CrayonToken.sol","s":{"1":1,"2":9,"3":1,"4":9,"5":9,"6":9,"7":9,"8":9,"9":1,"10":3,"11":1,"12":1,"13":1,"14":1,"15":1,"16":1,"17":1,"18":1,"19":3,"20":3,"21":3,"22":3,"23":1,"24":1,"25":1,"26":1,"27":1,"28":1,"29":1,"30":1,"31":3,"32":3,"33":3,"34":1,"35":1,"36":1,"37":1,"38":1,"39":1,"40":1,"41":0,"42":1,"43":1,"44":0},"b":{"1":[1,0],"2":[9,0],"3":[1,0],"4":[1,0],"5":[1,0],"6":[3,0],"7":[1,0],"8":[1,0],"9":[1,0],"10":[3,0],"11":[1,0],"12":[1,0],"13":[1,0],"14":[1,0]},"f":{"1":1,"2":9,"3":1,"4":9,"5":1,"6":3,"7":1,"8":1,"9":3,"10":1,"11":1,"12":1,"13":1,"14":3,"15":1,"16":1,"17":1,"18":1},"fnMap":{"1":{"name":"onlyOwner","line":12,"loc":{"start":{"line":12,"column":4},"end":{"line":12,"column":22}}},"2":{"name":null,"line":27,"loc":{"start":{"line":27,"column":4},"end":{"line":27,"column":22}}},"3":{"name":"getCurBalInWei","line":31,"loc":{"start":{"line":31,"column":4},"end":{"line":31,"column":67}}},"4":{"name":"buyToken","line":39,"loc":{"start":{"line":39,"column":4},"end":{"line":39,"column":36}}},"5":{"name":"getMybalance","line":54,"loc":{"start":{"line":54,"column":4},"end":{"line":54,"column":55}}},"6":{"name":"getbalance","line":58,"loc":{"start":{"line":58,"column":4},"end":{"line":58,"column":68}}},"7":{"name":"transfer","line":62,"loc":{"start":{"line":62,"column":4},"end":{"line":62,"column":53}}},"8":{"name":"withdraw","line":70,"loc":{"start":{"line":70,"column":4},"end":{"line":70,"column":49}}},"9":{"name":"createcharity","line":88,"loc":{"start":{"line":88,"column":4},"end":{"line":88,"column":80}}},"10":{"name":"supportCharity","line":96,"loc":{"start":{"line":96,"column":4},"end":{"line":96,"column":69}}},"11":{"name":"checkFundraiserBalance","line":105,"loc":{"start":{"line":105,"column":4},"end":{"line":105,"column":82}}},"12":{"name":"checkCharityName","line":109,"loc":{"start":{"line":109,"column":4},"end":{"line":109,"column":75}}},"13":{"name":"getTimeLeftInFundraiser","line":113,"loc":{"start":{"line":113,"column":4},"end":{"line":113,"column":80}}},"14":{"name":null,"line":135,"loc":{"start":{"line":135,"column":4},"end":{"line":135,"column":87}}},"15":{"name":"getVotes","line":141,"loc":{"start":{"line":141,"column":4},"end":{"line":141,"column":52}}},"16":{"name":"getCharityName","line":145,"loc":{"start":{"line":145,"column":4},"end":{"line":145,"column":57}}},"17":{"name":"vote","line":149,"loc":{"start":{"line":149,"column":4},"end":{"line":149,"column":52}}},"18":{"name":"getRemainingDuration","line":159,"loc":{"start":{"line":159,"column":4},"end":{"line":159,"column":59}}}},"statementMap":{"1":{"start":{"line":13,"column":8},"end":{"line":13,"column":35}},"2":{"start":{"line":28,"column":8},"end":{"line":28,"column":25}},"3":{"start":{"line":32,"column":8},"end":{"line":32,"column":36}},"4":{"start":{"line":40,"column":8},"end":{"line":40,"column":89}},"5":{"start":{"line":42,"column":8},"end":{"line":42,"column":42}},"6":{"start":{"line":44,"column":8},"end":{"line":44,"column":38}},"7":{"start":{"line":46,"column":8},"end":{"line":46,"column":49}},"8":{"start":{"line":48,"column":8},"end":{"line":48,"column":53}},"9":{"start":{"line":55,"column":8},"end":{"line":55,"column":36}},"10":{"start":{"line":59,"column":8},"end":{"line":59,"column":33}},"11":{"start":{"line":63,"column":8},"end":{"line":63,"column":46}},"12":{"start":{"line":64,"column":8},"end":{"line":64,"column":56}},"13":{"start":{"line":65,"column":8},"end":{"line":65,"column":37}},"14":{"start":{"line":66,"column":8},"end":{"line":66,"column":29}},"15":{"start":{"line":71,"column":8},"end":{"line":71,"column":46}},"16":{"start":{"line":73,"column":8},"end":{"line":73,"column":49}},"17":{"start":{"line":77,"column":8},"end":{"line":77,"column":37}},"18":{"start":{"line":79,"column":8},"end":{"line":79,"column":50}},"19":{"start":{"line":89,"column":8},"end":{"line":89,"column":29}},"20":{"start":{"line":90,"column":8},"end":{"line":90,"column":74}},"21":{"start":{"line":91,"column":8},"end":{"line":91,"column":38}},"22":{"start":{"line":92,"column":8},"end":{"line":92,"column":70}},"23":{"start":{"line":97,"column":8},"end":{"line":97,"column":69}},"24":{"start":{"line":98,"column":8},"end":{"line":98,"column":48}},"25":{"start":{"line":99,"column":8},"end":{"line":99,"column":3227}},"26":{"start":{"line":100,"column":12},"end":{"line":100,"column":42}},"27":{"start":{"line":101,"column":12},"end":{"line":101,"column":41}},"28":{"start":{"line":106,"column":8},"end":{"line":106,"column":48}},"29":{"start":{"line":110,"column":8},"end":{"line":110,"column":54}},"30":{"start":{"line":114,"column":8},"end":{"line":114,"column":60}},"31":{"start":{"line":136,"column":8},"end":{"line":136,"column":33}},"32":{"start":{"line":137,"column":8},"end":{"line":137,"column":67}},"33":{"start":{"line":138,"column":8},"end":{"line":138,"column":34}},"34":{"start":{"line":142,"column":8},"end":{"line":142,"column":28}},"35":{"start":{"line":146,"column":8},"end":{"line":146,"column":38}},"36":{"start":{"line":150,"column":8},"end":{"line":150,"column":27}},"37":{"start":{"line":151,"column":8},"end":{"line":151,"column":57}},"38":{"start":{"line":152,"column":8},"end":{"line":152,"column":4758}},"39":{"start":{"line":153,"column":12},"end":{"line":153,"column":35}},"40":{"start":{"line":154,"column":12},"end":{"line":154,"column":23}},"41":{"start":{"line":156,"column":8},"end":{"line":156,"column":20}},"42":{"start":{"line":160,"column":8},"end":{"line":160,"column":4950}},"43":{"start":{"line":161,"column":12},"end":{"line":161,"column":32}},"44":{"start":{"line":164,"column":8},"end":{"line":164,"column":16}}},"branchMap":{"1":{"line":13,"type":"if","locations":[{"start":{"line":13,"column":8},"end":{"line":13,"column":8}},{"start":{"line":13,"column":8},"end":{"line":13,"column":8}}]},"2":{"line":40,"type":"if","locations":[{"start":{"line":40,"column":8},"end":{"line":40,"column":8}},{"start":{"line":40,"column":8},"end":{"line":40,"column":8}}]},"3":{"line":63,"type":"if","locations":[{"start":{"line":63,"column":8},"end":{"line":63,"column":8}},{"start":{"line":63,"column":8},"end":{"line":63,"column":8}}]},"4":{"line":64,"type":"if","locations":[{"start":{"line":64,"column":8},"end":{"line":64,"column":8}},{"start":{"line":64,"column":8},"end":{"line":64,"column":8}}]},"5":{"line":71,"type":"if","locations":[{"start":{"line":71,"column":8},"end":{"line":71,"column":8}},{"start":{"line":71,"column":8},"end":{"line":71,"column":8}}]},"6":{"line":89,"type":"if","locations":[{"start":{"line":89,"column":8},"end":{"line":89,"column":8}},{"start":{"line":89,"column":8},"end":{"line":89,"column":8}}]},"7":{"line":97,"type":"if","locations":[{"start":{"line":97,"column":8},"end":{"line":97,"column":8}},{"start":{"line":97,"column":8},"end":{"line":97,"column":8}}]},"8":{"line":98,"type":"if","locations":[{"start":{"line":98,"column":8},"end":{"line":98,"column":8}},{"start":{"line":98,"column":8},"end":{"line":98,"column":8}}]},"9":{"line":99,"type":"if","locations":[{"start":{"line":99,"column":8},"end":{"line":99,"column":8}},{"start":{"line":99,"column":8},"end":{"line":99,"column":8}}]},"10":{"line":136,"type":"if","locations":[{"start":{"line":136,"column":8},"end":{"line":136,"column":8}},{"start":{"line":136,"column":8},"end":{"line":136,"column":8}}]},"11":{"line":150,"type":"if","locations":[{"start":{"line":150,"column":8},"end":{"line":150,"column":8}},{"start":{"line":150,"column":8},"end":{"line":150,"column":8}}]},"12":{"line":151,"type":"if","locations":[{"start":{"line":151,"column":8},"end":{"line":151,"column":8}},{"start":{"line":151,"column":8},"end":{"line":151,"column":8}}]},"13":{"line":152,"type":"if","locations":[{"start":{"line":152,"column":8},"end":{"line":152,"column":8}},{"start":{"line":152,"column":8},"end":{"line":152,"column":8}}]},"14":{"line":160,"type":"if","locations":[{"start":{"line":160,"column":8},"end":{"line":160,"column":8}},{"start":{"line":160,"column":8},"end":{"line":160,"column":8}}]}}}}